# JRE version: Java(TM) SE Runtime Environment (8.0_401) (build 1.8.0_401-b10)
# Java VM: Java HotSpot(TM) 64-Bit Server VM (25.401-b10 mixed mode windows-amd64 compressed oops)
Heap:
 PSYoungGen      total 61952K, used 43574K [0x00000000db400000, 0x00000000e2d00000, 0x0000000100000000)
  eden space 57344K, 75% used [0x00000000db400000,0x00000000dde8d990,0x00000000dec00000)
  from space 4608K, 0% used [0x00000000dec00000,0x00000000dec00000,0x00000000df080000)
  to   space 4608K, 0% used [0x00000000e2880000,0x00000000e2880000,0x00000000e2d00000)
 ParOldGen       total 114688K, used 53263K [0x0000000091c00000, 0x0000000098c00000, 0x00000000db400000)
  object space 114688K, 46% used [0x0000000091c00000,0x0000000095003c78,0x0000000098c00000)
 Metaspace       used 27794K, capacity 28638K, committed 28800K, reserved 1075200K
  class space    used 3681K, capacity 3885K, committed 3968K, reserved 1048576K
GC Heap History (8 events):
Event: 2.334 GC heap before
{Heap before GC invocations=1 (full 0):
 PSYoungGen      total 33280K, used 28672K [0x00000000db400000, 0x00000000dd900000, 0x0000000100000000)
  eden space 28672K, 100% used [0x00000000db400000,0x00000000dd000000,0x00000000dd000000)
  from space 4608K, 0% used [0x00000000dd480000,0x00000000dd480000,0x00000000dd900000)
  to   space 4608K, 0% used [0x00000000dd000000,0x00000000dd000000,0x00000000dd480000)
 ParOldGen       total 76800K, used 20250K [0x0000000091c00000, 0x0000000096700000, 0x00000000db400000)
  object space 76800K, 26% used [0x0000000091c00000,0x0000000092fc6810,0x0000000096700000)
 Metaspace       used 8859K, capacity 9104K, committed 9216K, reserved 1056768K
  class space    used 1119K, capacity 1194K, committed 1280K, reserved 1048576K
Event: 2.366 GC heap after
Heap after GC invocations=1 (full 0):
 PSYoungGen      total 33280K, used 4582K [0x00000000db400000, 0x00000000df500000, 0x0000000100000000)
  eden space 28672K, 0% used [0x00000000db400000,0x00000000db400000,0x00000000dd000000)
  from space 4608K, 99% used [0x00000000dd000000,0x00000000dd4799b0,0x00000000dd480000)
  to   space 4608K, 0% used [0x00000000df080000,0x00000000df080000,0x00000000df500000)
 ParOldGen       total 76800K, used 24458K [0x0000000091c00000, 0x0000000096700000, 0x00000000db400000)
  object space 76800K, 31% used [0x0000000091c00000,0x00000000933e2820,0x0000000096700000)
 Metaspace       used 8859K, capacity 9104K, committed 9216K, reserved 1056768K
  class space    used 1119K, capacity 1194K, committed 1280K, reserved 1048576K
}
Event: 3.520 GC heap before
{Heap before GC invocations=2 (full 0):
 PSYoungGen      total 33280K, used 33254K [0x00000000db400000, 0x00000000df500000, 0x0000000100000000)
  eden space 28672K, 100% used [0x00000000db400000,0x00000000dd000000,0x00000000dd000000)
  from space 4608K, 99% used [0x00000000dd000000,0x00000000dd4799b0,0x00000000dd480000)
  to   space 4608K, 0% used [0x00000000df080000,0x00000000df080000,0x00000000df500000)
 ParOldGen       total 76800K, used 24458K [0x0000000091c00000, 0x0000000096700000, 0x00000000db400000)
  object space 76800K, 31% used [0x0000000091c00000,0x00000000933e2820,0x0000000096700000)
 Metaspace       used 11783K, capacity 12072K, committed 12160K, reserved 1060864K
  class space    used 1494K, capacity 1584K, committed 1664K, reserved 1048576K
Event: 3.540 GC heap after
Heap after GC invocations=2 (full 0):
 PSYoungGen      total 61952K, used 4586K [0x00000000db400000, 0x00000000df500000, 0x0000000100000000)
  eden space 57344K, 0% used [0x00000000db400000,0x00000000db400000,0x00000000dec00000)
  from space 4608K, 99% used [0x00000000df080000,0x00000000df4fa918,0x00000000df500000)
  to   space 4608K, 0% used [0x00000000dec00000,0x00000000dec00000,0x00000000df080000)
 ParOldGen       total 76800K, used 30092K [0x0000000091c00000, 0x0000000096700000, 0x00000000db400000)
  object space 76800K, 39% used [0x0000000091c00000,0x00000000939633b0,0x0000000096700000)
 Metaspace       used 11783K, capacity 12072K, committed 12160K, reserved 1060864K
  class space    used 1494K, capacity 1584K, committed 1664K, reserved 1048576K
}
Event: 19.865 GC heap before
{Heap before GC invocations=3 (full 0):
 PSYoungGen      total 61952K, used 59856K [0x00000000db400000, 0x00000000df500000, 0x0000000100000000)
  eden space 57344K, 96% used [0x00000000db400000,0x00000000de9f9a80,0x00000000dec00000)
  from space 4608K, 99% used [0x00000000df080000,0x00000000df4fa918,0x00000000df500000)
  to   space 4608K, 0% used [0x00000000dec00000,0x00000000dec00000,0x00000000df080000)
 ParOldGen       total 76800K, used 30092K [0x0000000091c00000, 0x0000000096700000, 0x00000000db400000)
  object space 76800K, 39% used [0x0000000091c00000,0x00000000939633b0,0x0000000096700000)
 Metaspace       used 20714K, capacity 21200K, committed 21296K, reserved 1067008K
  class space    used 2758K, capacity 2902K, committed 2944K, reserved 1048576K
Event: 19.982 GC heap after
Heap after GC invocations=3 (full 0):
 PSYoungGen      total 61952K, used 4576K [0x00000000db400000, 0x00000000e2d00000, 0x0000000100000000)
  eden space 57344K, 0% used [0x00000000db400000,0x00000000db400000,0x00000000dec00000)
  from space 4608K, 99% used [0x00000000dec00000,0x00000000df078230,0x00000000df080000)
  to   space 4608K, 0% used [0x00000000e2880000,0x00000000e2880000,0x00000000e2d00000)
 ParOldGen       total 76800K, used 52983K [0x0000000091c00000, 0x0000000096700000, 0x00000000db400000)
  object space 76800K, 68% used [0x0000000091c00000,0x0000000094fbdce8,0x0000000096700000)
 Metaspace       used 20714K, capacity 21200K, committed 21296K, reserved 1067008K
  class space    used 2758K, capacity 2902K, committed 2944K, reserved 1048576K
}
Event: 19.982 GC heap before
{Heap before GC invocations=4 (full 1):
 PSYoungGen      total 61952K, used 4576K [0x00000000db400000, 0x00000000e2d00000, 0x0000000100000000)
  eden space 57344K, 0% used [0x00000000db400000,0x00000000db400000,0x00000000dec00000)
  from space 4608K, 99% used [0x00000000dec00000,0x00000000df078230,0x00000000df080000)
  to   space 4608K, 0% used [0x00000000e2880000,0x00000000e2880000,0x00000000e2d00000)
 ParOldGen       total 76800K, used 52983K [0x0000000091c00000, 0x0000000096700000, 0x00000000db400000)
  object space 76800K, 68% used [0x0000000091c00000,0x0000000094fbdce8,0x0000000096700000)
 Metaspace       used 20714K, capacity 21200K, committed 21296K, reserved 1067008K
  class space    used 2758K, capacity 2902K, committed 2944K, reserved 1048576K
Event: 20.053 GC heap after
Heap after GC invocations=4 (full 1):
 PSYoungGen      total 61952K, used 0K [0x00000000db400000, 0x00000000e2d00000, 0x0000000100000000)
  eden space 57344K, 0% used [0x00000000db400000,0x00000000db400000,0x00000000dec00000)
  from space 4608K, 0% used [0x00000000dec00000,0x00000000dec00000,0x00000000df080000)
  to   space 4608K, 0% used [0x00000000e2880000,0x00000000e2880000,0x00000000e2d00000)
 ParOldGen       total 114688K, used 53263K [0x0000000091c00000, 0x0000000098c00000, 0x00000000db400000)
  object space 114688K, 46% used [0x0000000091c00000,0x0000000095003c78,0x0000000098c00000)
 Metaspace       used 20714K, capacity 21200K, committed 21296K, reserved 1067008K
  class space    used 2758K, capacity 2902K, committed 2944K, reserved 1048576K
}

